<?xml version="1.0" encoding="UTF-8"?>
<testsuite xmlns:xsi="http://www.w3.org/2001/XMLSchema-instance" xsi:noNamespaceSchemaLocation="https://maven.apache.org/surefire/maven-surefire-plugin/xsd/surefire-test-report-3.0.xsd" version="3.0" name="nutribyte.NutritionScraperTest" time="0.138" tests="4" errors="0" skipped="0" failures="0">
  <properties>
[...]
</properties>
  <testcase name="testGetNutritionInfo_NoData" classname="nutribyte.NutritionScraperTest" time="0.104"/>
  <testcase name="testGetNutritionInfo_InvalidHTML" classname="nutribyte.NutritionScraperTest" time="0.002"/>
  <testcase name="testGetIngredients" classname="nutribyte.NutritionScraperTest" time="0.004"/>
  <testcase name="testGetNutritionInfo" classname="nutribyte.NutritionScraperTest" time="0.003"/>
</testsuite>